<?xml version="1.0" encoding="UTF-8"?>
<testng-results skipped="0" failed="0" total="1" passed="1">
  <reporter-output>
  </reporter-output>
  <suite name="Default suite" duration-ms="29680" started-at="2016-02-23T23:09:18Z" finished-at="2016-02-23T23:09:48Z">
    <groups>
    </groups>
    <test name="Default test" duration-ms="29680" started-at="2016-02-23T23:09:18Z" finished-at="2016-02-23T23:09:48Z">
      <class name="Shalnev_Andrew.LoginTest">
        <test-method status="PASS" signature="init()[pri:0, instance:Shalnev_Andrew.LoginTest@35bbe5e8]" name="init" is-config="true" duration-ms="21665" started-at="2016-02-24T04:09:18Z" finished-at="2016-02-24T04:09:40Z">
          <reporter-output>
          </reporter-output>
        </test-method> <!-- init -->
        <test-method status="PASS" signature="testUntitled()[pri:0, instance:Shalnev_Andrew.LoginTest@35bbe5e8]" name="testUntitled" duration-ms="7900" started-at="2016-02-24T04:09:40Z" finished-at="2016-02-24T04:09:48Z">
          <reporter-output>
          </reporter-output>
        </test-method> <!-- testUntitled -->
        <test-method status="PASS" signature="tearDown()[pri:0, instance:Shalnev_Andrew.LoginTest@35bbe5e8]" name="tearDown" is-config="true" duration-ms="2920" started-at="2016-02-24T04:09:48Z" finished-at="2016-02-24T04:09:51Z">
          <reporter-output>
          </reporter-output>
        </test-method> <!-- tearDown -->
      </class> <!-- Shalnev_Andrew.LoginTest -->
    </test> <!-- Default test -->
  </suite> <!-- Default suite -->
</testng-results>
