<?xml version="1.0" encoding="UTF-8"?>
<testng-results skipped="0" failed="0" total="1" passed="1">
  <reporter-output>
  </reporter-output>
  <suite name="Tests" duration-ms="31874" started-at="2016-02-23T23:16:46Z" finished-at="2016-02-23T23:17:17Z">
    <groups>
    </groups>
    <test name="Test1" duration-ms="31874" started-at="2016-02-23T23:16:46Z" finished-at="2016-02-23T23:17:17Z">
      <class name="Shalnev_Andrew.LoginTest">
        <test-method status="PASS" signature="init()[pri:0, instance:Shalnev_Andrew.LoginTest@11baa65]" name="init" is-config="true" duration-ms="17803" started-at="2016-02-24T04:16:46Z" finished-at="2016-02-24T04:17:03Z">
          <reporter-output>
          </reporter-output>
        </test-method> <!-- init -->
        <test-method status="PASS" signature="testUntitled()[pri:0, instance:Shalnev_Andrew.LoginTest@11baa65]" name="testUntitled" duration-ms="14054" started-at="2016-02-24T04:17:03Z" finished-at="2016-02-24T04:17:17Z">
          <reporter-output>
          </reporter-output>
        </test-method> <!-- testUntitled -->
        <test-method status="PASS" signature="tearDown()[pri:0, instance:Shalnev_Andrew.LoginTest@11baa65]" name="tearDown" is-config="true" duration-ms="3487" started-at="2016-02-24T04:17:17Z" finished-at="2016-02-24T04:17:21Z">
          <reporter-output>
          </reporter-output>
        </test-method> <!-- tearDown -->
      </class> <!-- Shalnev_Andrew.LoginTest -->
    </test> <!-- Test1 -->
  </suite> <!-- Tests -->
</testng-results>
